time="2022-09-06T14:05:32+05:00" level=info msg="setting up all repository, service, controller..." func="main.main()" file="/home/ata/tps/orient_rss/app/cmd/project/main.go:18"
time="2022-09-06T14:05:32+05:00" level=info msg="initializing a new app..." func="main.main()" file="/home/ata/tps/orient_rss/app/cmd/project/main.go:21"
time="2022-09-06T14:08:03+05:00" level=info msg="setting up all repository, service, controller..." func="main.main()" file="/home/ata/tps/orient_rss/app/cmd/project/main.go:30"
time="2022-09-06T14:08:03+05:00" level=info msg="initializing a new app..." func="main.main()" file="/home/ata/tps/orient_rss/app/cmd/project/main.go:33"
time="2022-09-06T14:12:28+05:00" level=info msg="setting up all repository, service, controller..." func="main.main()" file="/home/ata/tps/orient_rss/app/cmd/project/main.go:30"
time="2022-09-06T14:12:28+05:00" level=info msg="initializing a new app..." func="main.main()" file="/home/ata/tps/orient_rss/app/cmd/project/main.go:33"
time="2022-09-06T14:13:39+05:00" level=info msg="setting up all repository, service, controller..." func="main.main()" file="/home/ata/tps/orient_rss/app/cmd/project/main.go:18"
time="2022-09-06T14:13:39+05:00" level=info msg="initializing a new app..." func="main.main()" file="/home/ata/tps/orient_rss/app/cmd/project/main.go:21"
time="2022-09-06T14:19:28+05:00" level=info msg="setting up all repository, service, controller..." func="main.main()" file="/home/ata/tps/orient_rss/app/cmd/project/main.go:18"
time="2022-09-06T14:19:28+05:00" level=info msg="initializing a new app..." func="main.main()" file="/home/ata/tps/orient_rss/app/cmd/project/main.go:21"
time="2022-09-06T14:20:04+05:00" level=info msg="setting up all repository, service, controller..." func="main.main()" file="/home/ata/tps/orient_rss/app/cmd/project/main.go:18"
time="2022-09-06T14:20:04+05:00" level=info msg="initializing a new app..." func="main.main()" file="/home/ata/tps/orient_rss/app/cmd/project/main.go:21"
time="2022-09-06T14:20:25+05:00" level=info msg="setting up all repository, service, controller..." func="main.main()" file="/home/ata/tps/orient_rss/app/cmd/project/main.go:18"
time="2022-09-06T14:20:25+05:00" level=info msg="initializing a new app..." func="main.main()" file="/home/ata/tps/orient_rss/app/cmd/project/main.go:21"
time="2022-09-06T14:22:33+05:00" level=info msg="setting up all repository, service, controller..." func="main.main()" file="/home/ata/tps/orient_rss/app/cmd/project/main.go:18"
time="2022-09-06T14:22:33+05:00" level=info msg="initializing a new app..." func="main.main()" file="/home/ata/tps/orient_rss/app/cmd/project/main.go:21"
time="2022-09-06T14:24:47+05:00" level=info msg="setting up all repository, service, controller..." func="main.main()" file="/home/ata/tps/orient_rss/app/cmd/project/main.go:18"
time="2022-09-06T14:24:47+05:00" level=info msg="initializing a new app..." func="main.main()" file="/home/ata/tps/orient_rss/app/cmd/project/main.go:21"
time="2022-09-06T14:25:39+05:00" level=info msg="setting up all repository, service, controller..." func="main.main()" file="/home/ata/tps/orient_rss/app/cmd/project/main.go:18"
time="2022-09-06T14:25:39+05:00" level=info msg="initializing a new app..." func="main.main()" file="/home/ata/tps/orient_rss/app/cmd/project/main.go:21"
time="2022-09-06T14:30:43+05:00" level=info msg="setting up all repository, service, controller..." func="main.main()" file="/home/ata/tps/orient_rss/app/cmd/project/main.go:18"
time="2022-09-06T14:30:43+05:00" level=info msg="initializing a new app..." func="main.main()" file="/home/ata/tps/orient_rss/app/cmd/project/main.go:21"
time="2022-09-06T14:30:56+05:00" level=info msg="setting up all repository, service, controller..." func="main.main()" file="/home/ata/tps/orient_rss/app/cmd/project/main.go:18"
time="2022-09-06T14:30:56+05:00" level=info msg="initializing a new app..." func="main.main()" file="/home/ata/tps/orient_rss/app/cmd/project/main.go:21"
time="2022-09-06T14:31:22+05:00" level=info msg="setting up all repository, service, controller..." func="main.main()" file="/home/ata/tps/orient_rss/app/cmd/project/main.go:18"
time="2022-09-06T14:31:22+05:00" level=info msg="initializing a new app..." func="main.main()" file="/home/ata/tps/orient_rss/app/cmd/project/main.go:21"
[36mINFO[0m[0000]/var/www/rss/app/cmd/project/main.go:19 main.main() setting up all repository, service, controller... 
[36mINFO[0m[0000]/var/www/rss/app/cmd/project/main.go:22 main.main() initializing a new app...                    
[36mINFO[0m[0000]/var/www/rss/app/cmd/project/main.go:19 main.main() setting up all repository, service, controller... 
[36mINFO[0m[0000]/var/www/rss/app/cmd/project/main.go:22 main.main() initializing a new app...                    
[36mINFO[0m[0000]/var/www/rss/app/cmd/project/main.go:19 main.main() setting up all repository, service, controller... 
[36mINFO[0m[0000]/var/www/rss/app/cmd/project/main.go:22 main.main() initializing a new app...                    
[36mINFO[0m[0000]/var/www/rss/app/cmd/project/main.go:19 main.main() setting up all repository, service, controller... 
[36mINFO[0m[0000]/var/www/rss/app/cmd/project/main.go:22 main.main() initializing a new app...                    
[33mWARN[0m[0020]/var/www/rss/app/internal/services/rss/service/service.go:40 rss/internal/services/rss/service.(*rssService).FetchOrient() Get https://orient.tm/ru/rss: dial tcp: lookup orient.tm: Temporary failure in name resolution 
[33mWARN[0m[0020]/var/www/rss/app/internal/services/rss/service/service.go:32 rss/internal/services/rss/service.(*rssService).FetchTurkmenPortal() Get https://turkmenportal.com/rss: dial tcp: lookup turkmenportal.com: Temporary failure in name resolution 
[36mINFO[0m[0000]/var/www/rss/app/cmd/project/main.go:19 main.main() setting up all repository, service, controller... 
[36mINFO[0m[0000]/var/www/rss/app/cmd/project/main.go:22 main.main() initializing a new app...                    
[33mWARN[0m[0007]/var/www/rss/app/internal/services/rss/service/service.go:40 rss/internal/services/rss/service.(*rssService).FetchOrient() Get https://orient.tm/ru/rss: dial tcp: lookup orient.tm: Temporary failure in name resolution 
[36mINFO[0m[0000]/var/www/rss/app/cmd/project/main.go:19 main.main() setting up all repository, service, controller... 
[36mINFO[0m[0000]/var/www/rss/app/cmd/project/main.go:22 main.main() initializing a new app...                    
[33mWARN[0m[0010]/var/www/rss/app/internal/services/rss/service/service.go:32 rss/internal/services/rss/service.(*rssService).FetchTurkmenPortal() Get https://turkmenportal.com/rss: dial tcp: lookup turkmenportal.com: Temporary failure in name resolution 
[36mINFO[0m[0000]/var/www/rss/app/cmd/project/main.go:19 main.main() setting up all repository, service, controller... 
[36mINFO[0m[0000]/var/www/rss/app/cmd/project/main.go:22 main.main() initializing a new app...                    
[33mWARN[0m[0000]/var/www/rss/app/internal/services/rss/service/service.go:32 rss/internal/services/rss/service.(*rssService).FetchTurkmenPortal() Get turkmenportal.com/rss: unsupported protocol scheme "" 
[33mWARN[0m[0000]/var/www/rss/app/internal/services/rss/service/service.go:40 rss/internal/services/rss/service.(*rssService).FetchOrient() Get orient.tm/ru/rss: unsupported protocol scheme "" 
[36mINFO[0m[0000]/var/www/rss/app/cmd/project/main.go:19 main.main() setting up all repository, service, controller... 
[36mINFO[0m[0000]/var/www/rss/app/cmd/project/main.go:22 main.main() initializing a new app...                    
[33mWARN[0m[0015]/var/www/rss/app/internal/services/rss/service/service.go:32 rss/internal/services/rss/service.(*rssService).FetchTurkmenPortal() Get https://turkmenportal.com/rss: dial tcp: lookup turkmenportal.com: Temporary failure in name resolution 
[36mINFO[0m[0000]/var/www/rss/app/cmd/project/main.go:19 main.main() setting up all repository, service, controller... 
[36mINFO[0m[0000]/var/www/rss/app/cmd/project/main.go:22 main.main() initializing a new app...                    
[33mWARN[0m[0000]/var/www/rss/app/internal/services/rss/service/service.go:32 rss/internal/services/rss/service.(*rssService).FetchTurkmenPortal() Get https://95.85.126.182/rss: x509: cannot validate certificate for 95.85.126.182 because it doesn't contain any IP SANs 
[36mINFO[0m[0000]/var/www/rss/app/cmd/project/main.go:19 main.main() setting up all repository, service, controller... 
[36mINFO[0m[0000]/var/www/rss/app/cmd/project/main.go:22 main.main() initializing a new app...                    
[33mWARN[0m[0000]/var/www/rss/app/internal/services/rss/service/service.go:32 rss/internal/services/rss/service.(*rssService).FetchTurkmenPortal() Get https://95.85.126.182/rss: x509: cannot validate certificate for 95.85.126.182 because it doesn't contain any IP SANs 
[36mINFO[0m[0000]/var/www/rss/app/cmd/project/main.go:19 main.main() setting up all repository, service, controller... 
[36mINFO[0m[0000]/var/www/rss/app/cmd/project/main.go:22 main.main() initializing a new app...                    
[33mWARN[0m[0010]/var/www/rss/app/internal/services/rss/service/service.go:32 rss/internal/services/rss/service.(*rssService).FetchTurkmenPortal() Get https://turkmenportal.com/rss: dial tcp: lookup turkmenportal.com: Temporary failure in name resolution 
[36mINFO[0m[0000]/var/www/rss/app/cmd/project/main.go:19 main.main() setting up all repository, service, controller... 
[36mINFO[0m[0000]/var/www/rss/app/cmd/project/main.go:22 main.main() initializing a new app...                    
[36mINFO[0m[0000]/var/www/rss/app/cmd/project/main.go:19 main.main() setting up all repository, service, controller... 
[36mINFO[0m[0000]/var/www/rss/app/cmd/project/main.go:22 main.main() initializing a new app...                    
[36mINFO[0m[0000]/var/www/rss/app/cmd/project/main.go:19 main.main() setting up all repository, service, controller... 
[36mINFO[0m[0000]/var/www/rss/app/cmd/project/main.go:22 main.main() initializing a new app...                    
[33mWARN[0m[0015]/var/www/rss/app/internal/services/rss/service/service.go:40 rss/internal/services/rss/service.(*rssService).FetchOrient() Get https://orient.tm/ru/rss: dial tcp: lookup orient.tm: Temporary failure in name resolution 
[36mINFO[0m[0000]/var/www/rss/app/cmd/project/main.go:19 main.main() setting up all repository, service, controller... 
[36mINFO[0m[0000]/var/www/rss/app/cmd/project/main.go:22 main.main() initializing a new app...                    
[33mWARN[0m[0020]/var/www/rss/app/internal/services/rss/service/service.go:40 rss/internal/services/rss/service.(*rssService).FetchOrient() Get https://orient.tm/ru/rss: dial tcp: lookup orient.tm: Temporary failure in name resolution 
[36mINFO[0m[0000]/var/www/rss/app/cmd/project/main.go:19 main.main() setting up all repository, service, controller... 
[36mINFO[0m[0000]/var/www/rss/app/cmd/project/main.go:22 main.main() initializing a new app...                    
[33mWARN[0m[0010]/var/www/rss/app/internal/services/rss/service/service.go:32 rss/internal/services/rss/service.(*rssService).FetchTurkmenPortal() Get https://turkmenportal.com/rss: dial tcp: lookup turkmenportal.com: Temporary failure in name resolution 
[36mINFO[0m[0000]/var/www/rss/app/cmd/project/main.go:19 main.main() setting up all repository, service, controller... 
[36mINFO[0m[0000]/var/www/rss/app/cmd/project/main.go:22 main.main() initializing a new app...                    
[33mWARN[0m[0020]/var/www/rss/app/internal/services/rss/service/service.go:32 rss/internal/services/rss/service.(*rssService).FetchTurkmenPortal() Get https://turkmenportal.com/rss: dial tcp: lookup turkmenportal.com: Temporary failure in name resolution 
[36mINFO[0m[0000]/var/www/rss/app/cmd/project/main.go:19 main.main() setting up all repository, service, controller... 
[36mINFO[0m[0000]/var/www/rss/app/cmd/project/main.go:22 main.main() initializing a new app...                    
[33mWARN[0m[0020]/var/www/rss/app/internal/services/rss/service/service.go:32 rss/internal/services/rss/service.(*rssService).FetchTurkmenPortal() Get https://turkmenportal.com/rss: dial tcp: lookup turkmenportal.com: Temporary failure in name resolution 
[36mINFO[0m[0000]/var/www/rss/app/cmd/project/main.go:19 main.main() setting up all repository, service, controller... 
[36mINFO[0m[0000]/var/www/rss/app/cmd/project/main.go:22 main.main() initializing a new app...                    
[33mWARN[0m[0009]/var/www/rss/app/internal/services/rss/service/service.go:40 rss/internal/services/rss/service.(*rssService).FetchOrient() Get https://orient.tm/ru/rss: dial tcp: lookup orient.tm: Temporary failure in name resolution 
[36mINFO[0m[0000]/var/www/rss/app/cmd/project/main.go:19 main.main() setting up all repository, service, controller... 
[36mINFO[0m[0000]/var/www/rss/app/cmd/project/main.go:22 main.main() initializing a new app...                    
[33mWARN[0m[0015]/var/www/rss/app/internal/services/rss/service/service.go:40 rss/internal/services/rss/service.(*rssService).FetchOrient() Get https://orient.tm/ru/rss: dial tcp: lookup orient.tm: Temporary failure in name resolution 
[36mINFO[0m[0000]/var/www/rss/app/cmd/project/main.go:19 main.main() setting up all repository, service, controller... 
[36mINFO[0m[0000]/var/www/rss/app/cmd/project/main.go:22 main.main() initializing a new app...                    
[36mINFO[0m[0000]/var/www/rss/app/cmd/project/main.go:19 main.main() setting up all repository, service, controller... 
[36mINFO[0m[0000]/var/www/rss/app/cmd/project/main.go:22 main.main() initializing a new app...                    
time="2022-09-06T13:25:54Z" level=info msg="setting up all repository, service, controller..." func="main.main()" file="/var/www/rss/app/cmd/project/main.go:19"
time="2022-09-06T13:25:54Z" level=info msg="initializing a new app..." func="main.main()" file="/var/www/rss/app/cmd/project/main.go:22"
time="2022-09-08T21:16:14Z" level=warning msg="Get https://turkmenportal.com/rss: dial tcp: lookup turkmenportal.com: Temporary failure in name resolution" func="rss/internal/services/rss/service.(*rssService).FetchTurkmenPortal()" file="/var/www/rss/app/internal/services/rss/service/service.go:32"
time="2022-09-09T04:58:11Z" level=info msg="setting up all repository, service, controller..." func="main.main()" file="/var/www/rss/app/cmd/project/main.go:19"
time="2022-09-09T04:58:11Z" level=info msg="initializing a new app..." func="main.main()" file="/var/www/rss/app/cmd/project/main.go:22"
[36mINFO[0m[0000]/var/www/rss/app/cmd/project/main.go:19 main.main() setting up all repository, service, controller... 
[36mINFO[0m[0000]/var/www/rss/app/cmd/project/main.go:22 main.main() initializing a new app...                    
[36mINFO[0m[0000]/var/www/rss/app/cmd/project/main.go:19 main.main() setting up all repository, service, controller... 
[36mINFO[0m[0000]/var/www/rss/app/cmd/project/main.go:22 main.main() initializing a new app...                    
time="2022-09-10T10:07:26Z" level=info msg="setting up all repository, service, controller..." func="main.main()" file="/var/www/rss/app/cmd/project/main.go:19"
time="2022-09-10T10:07:26Z" level=info msg="initializing a new app..." func="main.main()" file="/var/www/rss/app/cmd/project/main.go:22"
[36mINFO[0m[0000]/home/ata/tps/rss_orient/app/cmd/project/main.go:19 main.main() setting up all repository, service, controller... 
[36mINFO[0m[0000]/home/ata/tps/rss_orient/app/cmd/project/main.go:22 main.main() initializing a new app...                    
[36mINFO[0m[0000]/home/ata/tps/rss_orient/app/cmd/project/main.go:19 main.main() setting up all repository, service, controller... 
[36mINFO[0m[0000]/home/ata/tps/rss_orient/app/cmd/project/main.go:22 main.main() initializing a new app...                    
[36mINFO[0m[0000]/home/ata/tps/rss_orient/app/cmd/project/main.go:19 main.main() setting up all repository, service, controller... 
[36mINFO[0m[0000]/home/ata/tps/rss_orient/app/cmd/project/main.go:22 main.main() initializing a new app...                    
[36mINFO[0m[0000]/home/ata/tps/rss_orient/app/cmd/project/main.go:19 main.main() setting up all repository, service, controller... 
[36mINFO[0m[0000]/home/ata/tps/rss_orient/app/cmd/project/main.go:22 main.main() initializing a new app...                    
[36mINFO[0m[0000]/home/ata/tps/rss_orient/app/cmd/project/main.go:18 main.main() setting up all repository, service, controller... 
[36mINFO[0m[0000]/home/ata/tps/rss_orient/app/cmd/project/main.go:21 main.main() initializing a new app...                    
[36mINFO[0m[0000]/home/ata/tps/rss_orient/app/cmd/project/main.go:18 main.main() setting up all repository, service, controller... 
[36mINFO[0m[0000]/home/ata/tps/rss_orient/app/cmd/project/main.go:21 main.main() initializing a new app...                    
[36mINFO[0m[0000]/home/ata/tps/rss_orient/app/cmd/project/main.go:18 main.main() setting up all repository, service, controller... 
[36mINFO[0m[0000]/home/ata/tps/rss_orient/app/cmd/project/main.go:21 main.main() initializing a new app...                    
[36mINFO[0m[0000]/home/ata/tps/rss_orient/app/cmd/project/main.go:18 main.main() setting up all repository, service, controller... 
[36mINFO[0m[0000]/home/ata/tps/rss_orient/app/cmd/project/main.go:21 main.main() initializing a new app...                    
[36mINFO[0m[0000]/home/ata/tps/rss_orient/app/cmd/project/main.go:18 main.main() setting up all repository, service, controller... 
[36mINFO[0m[0000]/home/ata/tps/rss_orient/app/cmd/project/main.go:21 main.main() initializing a new app...                    
[36mINFO[0m[0000]/home/ata/tps/rss_orient/app/cmd/project/main.go:18 main.main() setting up all repository, service, controller... 
[36mINFO[0m[0000]/home/ata/tps/rss_orient/app/cmd/project/main.go:21 main.main() initializing a new app...                    
[36mINFO[0m[0000]/home/ata/tps/rss_orient/app/cmd/project/main.go:18 main.main() setting up all repository, service, controller... 
[36mINFO[0m[0000]/home/ata/tps/rss_orient/app/cmd/project/main.go:21 main.main() initializing a new app...                    
[36mINFO[0m[0000]/home/ata/tps/rss_orient/app/cmd/project/main.go:18 main.main() setting up all repository, service, controller... 
[36mINFO[0m[0000]/home/ata/tps/rss_orient/app/cmd/project/main.go:21 main.main() initializing a new app...                    
[36mINFO[0m[0000]/home/ata/tps/rss_orient/app/cmd/project/main.go:18 main.main() setting up all repository, service, controller... 
[36mINFO[0m[0000]/home/ata/tps/rss_orient/app/cmd/project/main.go:21 main.main() initializing a new app...                    
[36mINFO[0m[0000]/home/ata/tps/rss_orient/app/cmd/project/main.go:18 main.main() setting up all repository, service, controller... 
[36mINFO[0m[0000]/home/ata/tps/rss_orient/app/cmd/project/main.go:21 main.main() initializing a new app...                    
[36mINFO[0m[0000]/home/ata/tps/rss_orient/app/cmd/project/main.go:18 main.main() setting up all repository, service, controller... 
[36mINFO[0m[0000]/home/ata/tps/rss_orient/app/cmd/project/main.go:21 main.main() initializing a new app...                    
[36mINFO[0m[0000]/home/ata/tps/rss_orient/app/cmd/project/main.go:18 main.main() setting up all repository, service, controller... 
[36mINFO[0m[0000]/home/ata/tps/rss_orient/app/cmd/project/main.go:21 main.main() initializing a new app...                    
[36mINFO[0m[0000]/home/ata/tps/rss_orient/app/cmd/project/main.go:18 main.main() setting up all repository, service, controller... 
[36mINFO[0m[0000]/home/ata/tps/rss_orient/app/cmd/project/main.go:21 main.main() initializing a new app...                    
[36mINFO[0m[0000]/home/ata/tps/rss_orient/app/cmd/project/main.go:18 main.main() setting up all repository, service, controller... 
[36mINFO[0m[0000]/home/ata/tps/rss_orient/app/cmd/project/main.go:21 main.main() initializing a new app...                    
[36mINFO[0m[0000]/home/ata/tps/rss_orient/app/cmd/project/main.go:18 main.main() setting up all repository, service, controller... 
[36mINFO[0m[0000]/home/ata/tps/rss_orient/app/cmd/project/main.go:21 main.main() initializing a new app...                    
[36mINFO[0m[0000]/home/ata/tps/rss_orient/app/cmd/project/main.go:18 main.main() setting up all repository, service, controller... 
[36mINFO[0m[0000]/home/ata/tps/rss_orient/app/cmd/project/main.go:21 main.main() initializing a new app...                    
[36mINFO[0m[0000]/home/ata/tps/rss_orient/app/cmd/project/main.go:18 main.main() setting up all repository, service, controller... 
[36mINFO[0m[0000]/home/ata/tps/rss_orient/app/cmd/project/main.go:21 main.main() initializing a new app...                    
[36mINFO[0m[0000]/home/ata/tps/rss_orient/app/cmd/project/main.go:18 main.main() setting up all repository, service, controller... 
[36mINFO[0m[0000]/home/ata/tps/rss_orient/app/cmd/project/main.go:21 main.main() initializing a new app...                    
[36mINFO[0m[0000]/home/ata/tps/rss_orient/app/cmd/project/main.go:18 main.main() setting up all repository, service, controller... 
[36mINFO[0m[0000]/home/ata/tps/rss_orient/app/cmd/project/main.go:21 main.main() initializing a new app...                    
[36mINFO[0m[0000]/home/ata/tps/rss_orient/app/cmd/project/main.go:18 main.main() setting up all repository, service, controller... 
[36mINFO[0m[0000]/home/ata/tps/rss_orient/app/cmd/project/main.go:21 main.main() initializing a new app...                    
[36mINFO[0m[0000]/home/ata/tps/rss_orient/app/cmd/project/main.go:18 main.main() setting up all repository, service, controller... 
[36mINFO[0m[0000]/home/ata/tps/rss_orient/app/cmd/project/main.go:21 main.main() initializing a new app...                    
[36mINFO[0m[0000]/home/ata/tps/rss_orient/app/cmd/project/main.go:18 main.main() setting up all repository, service, controller... 
[36mINFO[0m[0000]/home/ata/tps/rss_orient/app/cmd/project/main.go:21 main.main() initializing a new app...                    
[36mINFO[0m[0000]/home/ata/tps/rss_orient/app/cmd/project/main.go:18 main.main() setting up all repository, service, controller... 
[36mINFO[0m[0000]/home/ata/tps/rss_orient/app/cmd/project/main.go:21 main.main() initializing a new app...                    
[36mINFO[0m[0000]/home/ata/tps/rss_orient/app/cmd/project/main.go:18 main.main() setting up all repository, service, controller... 
[36mINFO[0m[0000]/home/ata/tps/rss_orient/app/cmd/project/main.go:21 main.main() initializing a new app...                    
[36mINFO[0m[0000]/home/ata/tps/rss_orient/app/cmd/project/main.go:18 main.main() setting up all repository, service, controller... 
[36mINFO[0m[0000]/home/ata/tps/rss_orient/app/cmd/project/main.go:21 main.main() initializing a new app...                    
[36mINFO[0m[0000]/home/ata/tps/rss_orient/app/cmd/project/main.go:18 main.main() setting up all repository, service, controller... 
[36mINFO[0m[0000]/home/ata/tps/rss_orient/app/cmd/project/main.go:21 main.main() initializing a new app...                    
[36mINFO[0m[0000]/home/ata/tps/rss_orient/app/cmd/project/main.go:18 main.main() setting up all repository, service, controller... 
[36mINFO[0m[0000]/home/ata/tps/rss_orient/app/cmd/project/main.go:21 main.main() initializing a new app...                    
[36mINFO[0m[0000]/home/ata/tps/rss_orient/app/cmd/project/main.go:18 main.main() setting up all repository, service, controller... 
[36mINFO[0m[0000]/home/ata/tps/rss_orient/app/cmd/project/main.go:21 main.main() initializing a new app...                    
[36mINFO[0m[0000]/home/ata/tps/rss_orient/app/cmd/project/main.go:18 main.main() setting up all repository, service, controller... 
[36mINFO[0m[0000]/home/ata/tps/rss_orient/app/cmd/project/main.go:21 main.main() initializing a new app...                    
[36mINFO[0m[0000]/home/ata/tps/rss_orient/app/cmd/project/main.go:18 main.main() setting up all repository, service, controller... 
[36mINFO[0m[0000]/home/ata/tps/rss_orient/app/cmd/project/main.go:21 main.main() initializing a new app...                    
[36mINFO[0m[0000]/home/ata/tps/rss_orient/app/cmd/project/main.go:18 main.main() setting up all repository, service, controller... 
[36mINFO[0m[0000]/home/ata/tps/rss_orient/app/cmd/project/main.go:21 main.main() initializing a new app...                    
[36mINFO[0m[0000]/home/ata/tps/rss_orient/app/cmd/project/main.go:18 main.main() setting up all repository, service, controller... 
[36mINFO[0m[0000]/home/ata/tps/rss_orient/app/cmd/project/main.go:21 main.main() initializing a new app...                    
[36mINFO[0m[0000]/home/ata/tps/rss_orient/app/cmd/project/main.go:18 main.main() setting up all repository, service, controller... 
[36mINFO[0m[0000]/home/ata/tps/rss_orient/app/cmd/project/main.go:21 main.main() initializing a new app...                    
[36mINFO[0m[0000]/home/ata/tps/rss_orient/app/cmd/project/main.go:18 main.main() setting up all repository, service, controller... 
[36mINFO[0m[0000]/home/ata/tps/rss_orient/app/cmd/project/main.go:21 main.main() initializing a new app...                    
[36mINFO[0m[0000]/home/ata/tps/rss_orient/app/cmd/project/main.go:18 main.main() setting up all repository, service, controller... 
[36mINFO[0m[0000]/home/ata/tps/rss_orient/app/cmd/project/main.go:21 main.main() initializing a new app...                    
[36mINFO[0m[0000]/home/ata/tps/rss_orient/app/cmd/project/main.go:18 main.main() setting up all repository, service, controller... 
[36mINFO[0m[0000]/home/ata/tps/rss_orient/app/cmd/project/main.go:21 main.main() initializing a new app...                    
[36mINFO[0m[0000]/home/ata/tps/rss_orient/app/cmd/project/main.go:18 main.main() setting up all repository, service, controller... 
[36mINFO[0m[0000]/home/ata/tps/rss_orient/app/cmd/project/main.go:21 main.main() initializing a new app...                    
[36mINFO[0m[0000]/home/ata/tps/rss_orient/app/cmd/project/main.go:18 main.main() setting up all repository, service, controller... 
[36mINFO[0m[0000]/home/ata/tps/rss_orient/app/cmd/project/main.go:21 main.main() initializing a new app...                    
[36mINFO[0m[0000]/home/ata/tps/rss_orient/app/cmd/project/main.go:18 main.main() setting up all repository, service, controller... 
[36mINFO[0m[0000]/home/ata/tps/rss_orient/app/cmd/project/main.go:21 main.main() initializing a new app...                    
[36mINFO[0m[0000]/home/ata/tps/rss_orient/app/cmd/project/main.go:18 main.main() setting up all repository, service, controller... 
[36mINFO[0m[0000]/home/ata/tps/rss_orient/app/cmd/project/main.go:21 main.main() initializing a new app...                    
[36mINFO[0m[0000]/home/ata/tps/rss_orient/app/cmd/project/main.go:18 main.main() setting up all repository, service, controller... 
[36mINFO[0m[0000]/home/ata/tps/rss_orient/app/cmd/project/main.go:21 main.main() initializing a new app...                    
[36mINFO[0m[0000]/home/ata/tps/rss_orient/app/cmd/project/main.go:18 main.main() setting up all repository, service, controller... 
[36mINFO[0m[0000]/home/ata/tps/rss_orient/app/cmd/project/main.go:21 main.main() initializing a new app...                    
[36mINFO[0m[0000]/home/ata/tps/rss_orient/app/cmd/project/main.go:18 main.main() setting up all repository, service, controller... 
[36mINFO[0m[0000]/home/ata/tps/rss_orient/app/cmd/project/main.go:21 main.main() initializing a new app...                    
[36mINFO[0m[0000]/home/ata/tps/rss_orient/app/cmd/project/main.go:18 main.main() setting up all repository, service, controller... 
[36mINFO[0m[0000]/home/ata/tps/rss_orient/app/cmd/project/main.go:21 main.main() initializing a new app...                    
[36mINFO[0m[0000]/home/ata/tps/rss_orient/app/cmd/project/main.go:18 main.main() setting up all repository, service, controller... 
[36mINFO[0m[0000]/home/ata/tps/rss_orient/app/cmd/project/main.go:21 main.main() initializing a new app...                    
[36mINFO[0m[0000]/home/ata/tps/rss_orient/app/cmd/project/main.go:18 main.main() setting up all repository, service, controller... 
[36mINFO[0m[0000]/home/ata/tps/rss_orient/app/cmd/project/main.go:21 main.main() initializing a new app...                    
[36mINFO[0m[0000]/home/ata/tps/rss_orient/app/cmd/project/main.go:18 main.main() setting up all repository, service, controller... 
[36mINFO[0m[0000]/home/ata/tps/rss_orient/app/cmd/project/main.go:21 main.main() initializing a new app...                    
[36mINFO[0m[0000]/home/ata/tps/rss_orient/app/cmd/project/main.go:18 main.main() setting up all repository, service, controller... 
[36mINFO[0m[0000]/home/ata/tps/rss_orient/app/cmd/project/main.go:21 main.main() initializing a new app...                    
[36mINFO[0m[0000]/home/ata/tps/rss_orient/app/cmd/project/main.go:18 main.main() setting up all repository, service, controller... 
[36mINFO[0m[0000]/home/ata/tps/rss_orient/app/cmd/project/main.go:21 main.main() initializing a new app...                    
[36mINFO[0m[0000]/home/ata/tps/rss_orient/app/cmd/project/main.go:18 main.main() setting up all repository, service, controller... 
[36mINFO[0m[0000]/home/ata/tps/rss_orient/app/cmd/project/main.go:21 main.main() initializing a new app...                    
[36mINFO[0m[0000]/home/ata/tps/rss_orient/app/cmd/project/main.go:18 main.main() setting up all repository, service, controller... 
[36mINFO[0m[0000]/home/ata/tps/rss_orient/app/cmd/project/main.go:21 main.main() initializing a new app...                    
[36mINFO[0m[0000]/home/ata/tps/rss_orient/app/cmd/project/main.go:18 main.main() setting up all repository, service, controller... 
[36mINFO[0m[0000]/home/ata/tps/rss_orient/app/cmd/project/main.go:21 main.main() initializing a new app...                    
[36mINFO[0m[0000]/home/ata/tps/rss_orient/app/cmd/project/main.go:18 main.main() setting up all repository, service, controller... 
[36mINFO[0m[0000]/home/ata/tps/rss_orient/app/cmd/project/main.go:21 main.main() initializing a new app...                    
[36mINFO[0m[0000]/home/ata/tps/rss_orient/app/cmd/project/main.go:18 main.main() setting up all repository, service, controller... 
[36mINFO[0m[0000]/home/ata/tps/rss_orient/app/cmd/project/main.go:21 main.main() initializing a new app...                    
[36mINFO[0m[0000]/home/ata/tps/rss_orient/app/cmd/project/main.go:18 main.main() setting up all repository, service, controller... 
[36mINFO[0m[0000]/home/ata/tps/rss_orient/app/cmd/project/main.go:21 main.main() initializing a new app...                    
[36mINFO[0m[0000]/home/ata/tps/rss_orient/app/cmd/project/main.go:18 main.main() setting up all repository, service, controller... 
[36mINFO[0m[0000]/home/ata/tps/rss_orient/app/cmd/project/main.go:21 main.main() initializing a new app...                    
[36mINFO[0m[0000]/home/ata/tps/rss_orient/app/cmd/project/main.go:18 main.main() setting up all repository, service, controller... 
[36mINFO[0m[0000]/home/ata/tps/rss_orient/app/cmd/project/main.go:21 main.main() initializing a new app...                    
[36mINFO[0m[0000]/home/ata/tps/rss_orient/app/cmd/project/main.go:18 main.main() setting up all repository, service, controller... 
[36mINFO[0m[0000]/home/ata/tps/rss_orient/app/cmd/project/main.go:21 main.main() initializing a new app...                    
[36mINFO[0m[0000]/home/ata/tps/rss_orient/app/cmd/project/main.go:18 main.main() setting up all repository, service, controller... 
[36mINFO[0m[0000]/home/ata/tps/rss_orient/app/cmd/project/main.go:21 main.main() initializing a new app...                    
[36mINFO[0m[0000]/home/ata/tps/rss_orient/app/cmd/project/main.go:18 main.main() setting up all repository, service, controller... 
[36mINFO[0m[0000]/home/ata/tps/rss_orient/app/cmd/project/main.go:21 main.main() initializing a new app...                    
[36mINFO[0m[0000]/home/ata/tps/rss_orient/app/cmd/project/main.go:18 main.main() setting up all repository, service, controller... 
[36mINFO[0m[0000]/home/ata/tps/rss_orient/app/cmd/project/main.go:21 main.main() initializing a new app...                    
[36mINFO[0m[0000]/home/ata/tps/rss_orient/app/cmd/project/main.go:18 main.main() setting up all repository, service, controller... 
[36mINFO[0m[0000]/home/ata/tps/rss_orient/app/cmd/project/main.go:21 main.main() initializing a new app...                    
[36mINFO[0m[0000]/home/ata/tps/rss_orient/app/cmd/project/main.go:18 main.main() setting up all repository, service, controller... 
[36mINFO[0m[0000]/home/ata/tps/rss_orient/app/cmd/project/main.go:21 main.main() initializing a new app...                    
[36mINFO[0m[0000]/home/ata/tps/rss_orient/app/cmd/project/main.go:18 main.main() setting up all repository, service, controller... 
[36mINFO[0m[0000]/home/ata/tps/rss_orient/app/cmd/project/main.go:21 main.main() initializing a new app...                    
[36mINFO[0m[0000]/home/ata/tps/rss_orient/app/cmd/project/main.go:18 main.main() setting up all repository, service, controller... 
[36mINFO[0m[0000]/home/ata/tps/rss_orient/app/cmd/project/main.go:21 main.main() initializing a new app...                    
[36mINFO[0m[0000]/home/ata/tps/rss_orient/app/cmd/project/main.go:18 main.main() setting up all repository, service, controller... 
[36mINFO[0m[0000]/home/ata/tps/rss_orient/app/cmd/project/main.go:21 main.main() initializing a new app...                    
[36mINFO[0m[0000]/home/ata/tps/rss_orient/app/cmd/project/main.go:18 main.main() setting up all repository, service, controller... 
[36mINFO[0m[0000]/home/ata/tps/rss_orient/app/cmd/project/main.go:21 main.main() initializing a new app...                    
[33mWARN[0m[0056]/home/ata/tps/rss_orient/app/internal/services/rss/service/service.go:41 rss/internal/services/rss/service.(*rssService).Fetch() expected element type <feed> but have <html> 
[36mINFO[0m[0000]/home/ata/tps/rss_orient/app/cmd/project/main.go:18 main.main() setting up all repository, service, controller... 
[36mINFO[0m[0000]/home/ata/tps/rss_orient/app/cmd/project/main.go:21 main.main() initializing a new app...                    
[36mINFO[0m[0000]/home/ata/tps/rss_orient/app/cmd/project/main.go:18 main.main() setting up all repository, service, controller... 
[36mINFO[0m[0000]/home/ata/tps/rss_orient/app/cmd/project/main.go:21 main.main() initializing a new app...                    
[33mWARN[0m[0001]/home/ata/tps/rss_orient/app/internal/services/rss/service/service.go:40 rss/internal/services/rss/service.(*rssService).Fetch() expected element type <feed> but have <html> 
[33mWARN[0m[0012]/home/ata/tps/rss_orient/app/internal/services/rss/service/service.go:40 rss/internal/services/rss/service.(*rssService).Fetch() expected element type <feed> but have <html> 
[33mWARN[0m[0023]/home/ata/tps/rss_orient/app/internal/services/rss/service/service.go:40 rss/internal/services/rss/service.(*rssService).Fetch() expected element type <feed> but have <html> 
[33mWARN[0m[0034]/home/ata/tps/rss_orient/app/internal/services/rss/service/service.go:40 rss/internal/services/rss/service.(*rssService).Fetch() expected element type <feed> but have <html> 
[36mINFO[0m[0000]/home/ata/tps/rss_orient/app/cmd/project/main.go:18 main.main() setting up all repository, service, controller... 
[36mINFO[0m[0000]/home/ata/tps/rss_orient/app/cmd/project/main.go:21 main.main() initializing a new app...                    
[36mINFO[0m[0000]/home/ata/tps/rss_orient/app/cmd/project/main.go:18 main.main() setting up all repository, service, controller... 
[36mINFO[0m[0000]/home/ata/tps/rss_orient/app/cmd/project/main.go:21 main.main() initializing a new app...                    
[36mINFO[0m[0000]/home/ata/tps/rss_orient/app/cmd/project/main.go:18 main.main() setting up all repository, service, controller... 
[36mINFO[0m[0000]/home/ata/tps/rss_orient/app/cmd/project/main.go:21 main.main() initializing a new app...                    
[36mINFO[0m[0000]/home/ata/tps/rss_orient/app/cmd/project/main.go:18 main.main() setting up all repository, service, controller... 
[36mINFO[0m[0000]/home/ata/tps/rss_orient/app/cmd/project/main.go:21 main.main() initializing a new app...                    
[36mINFO[0m[0000]/home/ata/tps/rss_orient/app/cmd/project/main.go:18 main.main() setting up all repository, service, controller... 
[36mINFO[0m[0000]/home/ata/tps/rss_orient/app/cmd/project/main.go:21 main.main() initializing a new app...                    
[36mINFO[0m[0000]/home/ata/tps/rss_orient/app/cmd/project/main.go:18 main.main() setting up all repository, service, controller... 
[36mINFO[0m[0000]/home/ata/tps/rss_orient/app/cmd/project/main.go:21 main.main() initializing a new app...                    
[36mINFO[0m[0000]/home/ata/tps/rss_orient/app/cmd/project/main.go:18 main.main() setting up all repository, service, controller... 
[36mINFO[0m[0000]/home/ata/tps/rss_orient/app/cmd/project/main.go:21 main.main() initializing a new app...                    
[36mINFO[0m[0000]/home/ata/tps/rss_orient/app/cmd/project/main.go:18 main.main() setting up all repository, service, controller... 
[36mINFO[0m[0000]/home/ata/tps/rss_orient/app/cmd/project/main.go:21 main.main() initializing a new app...                    
